[1104/221813.865:WARNING:resource_bundle.cc(357)] locale_file_path.empty() for locale 
[1104/221814.065:ERROR:extension_system.cc(69)] Failed to parse extension manifest.
[1104/221909.624:WARNING:resource_bundle.cc(357)] locale_file_path.empty() for locale 
[1104/221909.703:ERROR:extension_system.cc(69)] Failed to parse extension manifest.
[1104/221938.688:WARNING:resource_bundle.cc(357)] locale_file_path.empty() for locale 
[1104/221938.764:ERROR:extension_system.cc(69)] Failed to parse extension manifest.
[1104/221957.075:WARNING:resource_bundle.cc(357)] locale_file_path.empty() for locale 
[1104/221957.150:ERROR:extension_system.cc(69)] Failed to parse extension manifest.
[1104/222026.698:WARNING:resource_bundle.cc(357)] locale_file_path.empty() for locale 
[1104/222026.769:ERROR:extension_system.cc(69)] Failed to parse extension manifest.
[1104/222257.217:WARNING:resource_bundle.cc(357)] locale_file_path.empty() for locale 
[1104/222257.292:ERROR:extension_system.cc(69)] Failed to parse extension manifest.
[1104/234521.296:INFO:CONSOLE(1)] "Uncaught TypeError: Cannot set property 'value' of null", source: about:blank (1)
[1104/234521.296:INFO:CONSOLE(1)] "Uncaught TypeError: Cannot read property 'click' of null", source: about:blank (1)
[1104/234521.296:INFO:CONSOLE(1)] "Uncaught TypeError: Cannot set property 'value' of null", source: about:blank (1)
[1104/234521.297:INFO:CONSOLE(1)] "Uncaught TypeError: Cannot read property 'click' of null", source: about:blank (1)
[1104/234521.317:INFO:CONSOLE(1)] "Uncaught TypeError: Cannot set property 'value' of null", source: about:blank (1)
[1104/234521.317:INFO:CONSOLE(1)] "Uncaught TypeError: Cannot read property 'click' of null", source: about:blank (1)
[1104/234521.317:INFO:CONSOLE(1)] "Uncaught TypeError: Cannot set property 'value' of null", source: about:blank (1)
[1104/234521.317:INFO:CONSOLE(1)] "Uncaught TypeError: Cannot read property 'click' of null", source: about:blank (1)
[1104/234521.317:INFO:CONSOLE(1)] "Uncaught TypeError: Cannot set property 'value' of null", source: about:blank (1)
[1104/234521.317:INFO:CONSOLE(1)] "Uncaught TypeError: Cannot read property 'click' of null", source: about:blank (1)
[1104/234521.317:INFO:CONSOLE(1)] "Uncaught TypeError: Cannot set property 'value' of null", source: about:blank (1)
[1104/234521.317:INFO:CONSOLE(1)] "Uncaught TypeError: Cannot read property 'click' of null", source: about:blank (1)
[1104/234521.370:INFO:CONSOLE(1)] "Uncaught TypeError: Cannot set property 'value' of null", source: about:blank (1)
[1104/234521.370:INFO:CONSOLE(1)] "Uncaught TypeError: Cannot read property 'click' of null", source: about:blank (1)
[1104/234521.370:INFO:CONSOLE(1)] "Uncaught TypeError: Cannot set property 'value' of null", source: about:blank (1)
[1104/234521.371:INFO:CONSOLE(1)] "Uncaught TypeError: Cannot read property 'click' of null", source: about:blank (1)
[1104/234521.398:INFO:CONSOLE(1)] "Uncaught TypeError: Cannot set property 'value' of null", source: about:blank (1)
[1104/234521.398:INFO:CONSOLE(1)] "Uncaught TypeError: Cannot read property 'click' of null", source: about:blank (1)
[1104/234521.399:INFO:CONSOLE(1)] "Uncaught TypeError: Cannot set property 'value' of null", source: about:blank (1)
[1104/234521.399:INFO:CONSOLE(1)] "Uncaught TypeError: Cannot read property 'click' of null", source: about:blank (1)
[1104/234521.503:WARNING:spdy_session.cc(3326)] Received HEADERS for invalid stream 37
[1104/234521.506:WARNING:spdy_session.cc(3326)] Received HEADERS for invalid stream 39
[1104/234521.515:WARNING:spdy_session.cc(3326)] Received HEADERS for invalid stream 41
[1104/234521.524:WARNING:spdy_session.cc(3326)] Received HEADERS for invalid stream 43
[1104/234521.526:WARNING:spdy_session.cc(3326)] Received HEADERS for invalid stream 45
[1104/234521.583:INFO:CONSOLE(1)] "Uncaught TypeError: Cannot set property 'value' of null", source: about:blank (1)
[1104/234521.583:INFO:CONSOLE(1)] "Uncaught TypeError: Cannot read property 'click' of null", source: about:blank (1)
[1104/234521.583:INFO:CONSOLE(1)] "Uncaught TypeError: Cannot set property 'value' of null", source: about:blank (1)
[1104/234521.583:INFO:CONSOLE(1)] "Uncaught TypeError: Cannot read property 'click' of null", source: about:blank (1)
[1104/234521.782:INFO:CONSOLE(1)] "Uncaught TypeError: Cannot set property 'value' of null", source: about:blank (1)
[1104/234521.782:INFO:CONSOLE(1)] "Uncaught TypeError: Cannot read property 'click' of null", source: about:blank (1)
[1104/234521.782:INFO:CONSOLE(1)] "Uncaught TypeError: Cannot set property 'value' of null", source: about:blank (1)
[1104/234521.782:INFO:CONSOLE(1)] "Uncaught TypeError: Cannot read property 'click' of null", source: about:blank (1)
